<?xml version="1.0" encoding="UTF-8"?>
<testng-results skipped="0" failed="0" total="1" passed="1">
  <reporter-output>
  </reporter-output>
  <suite name="Default suite" duration-ms="92395" started-at="2022-01-31T12:34:03Z" finished-at="2022-01-31T12:35:35Z">
    <groups>
    </groups>
    <test name="Default test" duration-ms="92395" started-at="2022-01-31T12:34:03Z" finished-at="2022-01-31T12:35:35Z">
      <class name="DriverFactory.AppTest">
        <test-method status="PASS" signature="KickStart()[pri:0, instance:DriverFactory.AppTest@3ab39c39]" name="KickStart" duration-ms="92365" started-at="2022-01-31T18:04:03Z" finished-at="2022-01-31T18:05:35Z">
          <reporter-output>
          </reporter-output>
        </test-method> <!-- KickStart -->
      </class> <!-- DriverFactory.AppTest -->
    </test> <!-- Default test -->
  </suite> <!-- Default suite -->
</testng-results>
